<?xml version="1.0" encoding="UTF-8"?>
<testng-results skipped="0" failed="0" total="1" passed="1">
  <reporter-output>
  </reporter-output>
  <suite name="Default suite" duration-ms="84" started-at="2021-12-09T14:10:12Z" finished-at="2021-12-09T14:10:12Z">
    <groups>
    </groups>
    <test name="Default test" duration-ms="84" started-at="2021-12-09T14:10:12Z" finished-at="2021-12-09T14:10:12Z">
      <class name="com.crm.SDETPractice.Demopractice">
        <test-method status="PASS" signature="demoProgram()[pri:0, instance:com.crm.SDETPractice.Demopractice@675690]" name="demoProgram" duration-ms="49" started-at="2021-12-09T19:40:12Z" finished-at="2021-12-09T19:40:12Z">
          <reporter-output>
          </reporter-output>
        </test-method> <!-- demoProgram -->
      </class> <!-- com.crm.SDETPractice.Demopractice -->
    </test> <!-- Default test -->
  </suite> <!-- Default suite -->
</testng-results>
